<?xml version="1.0" encoding="UTF-8"?>
<!-- Generated by org.testng.reporters.JUnitReportReporter -->
<testsuite skipped="0" hostname="DESKTOP-EA42FIK" name="test.TESTFramework" tests="1" failures="0" timestamp="11 Jan 2021 17:00:52 GMT" time="28.642" errors="0">
  <testcase name="enter" time="28.642" classname="test.TESTFramework"/>
</testsuite> <!-- test.TESTFramework -->
